[debug] [2023-08-03T14:17:12.838Z] ----------------------------------------------------------------------
[debug] [2023-08-03T14:17:12.840Z] Command:       /home/gitpod/.nvm/versions/node/v18.16.1/bin/node /home/gitpod/.nvm/versions/node/v18.16.1/bin/firebase login
[debug] [2023-08-03T14:17:12.840Z] CLI Version:   12.4.7
[debug] [2023-08-03T14:17:12.840Z] Platform:      linux
[debug] [2023-08-03T14:17:12.841Z] Node Version:  v18.16.1
[debug] [2023-08-03T14:17:12.841Z] Time:          Thu Aug 03 2023 14:17:12 GMT+0000 (GMT)
[debug] [2023-08-03T14:17:12.841Z] ----------------------------------------------------------------------
[debug] 
[debug] [2023-08-03T14:17:12.843Z] >>> [apiv2][query] GET https://firebase-public.firebaseio.com/cli.json [none]
[info] i  Firebase optionally collects CLI and Emulator Suite usage and error reporting information to help improve our products. Data is collected in accordance with Google's privacy policy (https://policies.google.com/privacy) and is not used to identify you.
 
[debug] [2023-08-03T14:17:13.028Z] <<< [apiv2][status] GET https://firebase-public.firebaseio.com/cli.json 200
[debug] [2023-08-03T14:17:13.029Z] <<< [apiv2][body] GET https://firebase-public.firebaseio.com/cli.json {"cloudBuildErrorAfter":1594252800000,"cloudBuildWarnAfter":1590019200000,"defaultNode10After":1594252800000,"minVersion":"3.0.5","node8DeploysDisabledAfter":1613390400000,"node8RuntimeDisabledAfter":1615809600000,"node8WarnAfter":1600128000000}
[info] i  To change your data collection preference at any time, run `firebase logout` and log in again. 
[info] 
[info] Visit this URL on this device to log in:
[info] https://accounts.google.com/o/oauth2/auth?client_id=563584335869-fgrhgmd47bqnekij5i8b5pr03ho849e6.apps.googleusercontent.com&scope=email%20openid%20https%3A%2F%2Fwww.googleapis.com%2Fauth%2Fcloudplatformprojects.readonly%20https%3A%2F%2Fwww.googleapis.com%2Fauth%2Ffirebase%20https%3A%2F%2Fwww.googleapis.com%2Fauth%2Fcloud-platform&response_type=code&state=184235758&redirect_uri=http%3A%2F%2Flocalhost%3A9005
[info] 
[info] Waiting for authentication...
[debug] [2023-08-03T14:18:09.654Z] ----------------------------------------------------------------------
[debug] [2023-08-03T14:18:09.656Z] Command:       /home/gitpod/.nvm/versions/node/v18.16.1/bin/node /home/gitpod/.nvm/versions/node/v18.16.1/bin/firebase login
[debug] [2023-08-03T14:18:09.657Z] CLI Version:   12.4.7
[debug] [2023-08-03T14:18:09.657Z] Platform:      linux
[debug] [2023-08-03T14:18:09.657Z] Node Version:  v18.16.1
[debug] [2023-08-03T14:18:09.658Z] Time:          Thu Aug 03 2023 14:18:09 GMT+0000 (GMT)
[debug] [2023-08-03T14:18:09.658Z] ----------------------------------------------------------------------
[debug] 
[info] i  Firebase optionally collects CLI and Emulator Suite usage and error reporting information to help improve our products. Data is collected in accordance with Google's privacy policy (https://policies.google.com/privacy) and is not used to identify you.
 
[info] i  To change your data collection preference at any time, run `firebase logout` and log in again. 
[info] 
[info] Visit this URL on this device to log in:
[info] https://accounts.google.com/o/oauth2/auth?client_id=563584335869-fgrhgmd47bqnekij5i8b5pr03ho849e6.apps.googleusercontent.com&scope=email%20openid%20https%3A%2F%2Fwww.googleapis.com%2Fauth%2Fcloudplatformprojects.readonly%20https%3A%2F%2Fwww.googleapis.com%2Fauth%2Ffirebase%20https%3A%2F%2Fwww.googleapis.com%2Fauth%2Fcloud-platform&response_type=code&state=850279911&redirect_uri=http%3A%2F%2Flocalhost%3A9005
[info] 
[info] Waiting for authentication...
[debug] [2023-08-03T14:18:39.648Z] ----------------------------------------------------------------------
[debug] [2023-08-03T14:18:39.650Z] Command:       /home/gitpod/.nvm/versions/node/v18.16.1/bin/node /home/gitpod/.nvm/versions/node/v18.16.1/bin/firebase login
[debug] [2023-08-03T14:18:39.651Z] CLI Version:   12.4.7
[debug] [2023-08-03T14:18:39.651Z] Platform:      linux
[debug] [2023-08-03T14:18:39.651Z] Node Version:  v18.16.1
[debug] [2023-08-03T14:18:39.651Z] Time:          Thu Aug 03 2023 14:18:39 GMT+0000 (GMT)
[debug] [2023-08-03T14:18:39.651Z] ----------------------------------------------------------------------
[debug] 
[info] i  Firebase optionally collects CLI and Emulator Suite usage and error reporting information to help improve our products. Data is collected in accordance with Google's privacy policy (https://policies.google.com/privacy) and is not used to identify you.
 
[info] i  To change your data collection preference at any time, run `firebase logout` and log in again. 
[info] 
[info] Visit this URL on this device to log in:
[info] https://accounts.google.com/o/oauth2/auth?client_id=563584335869-fgrhgmd47bqnekij5i8b5pr03ho849e6.apps.googleusercontent.com&scope=email%20openid%20https%3A%2F%2Fwww.googleapis.com%2Fauth%2Fcloudplatformprojects.readonly%20https%3A%2F%2Fwww.googleapis.com%2Fauth%2Ffirebase%20https%3A%2F%2Fwww.googleapis.com%2Fauth%2Fcloud-platform&response_type=code&state=885592812&redirect_uri=http%3A%2F%2Flocalhost%3A9005
[info] 
[info] Waiting for authentication...
